ISim log file
Running: C:\Users\Cesar\Documents\GitHub\Arquitectura-de-computadores\Nueva carpeta\Procesador2\Test_Procesador2_isim_beh.exe -intstyle ise -gui -tclbatch isim.cmd -wdb C:/Users/Cesar/Documents/GitHub/Arquitectura-de-computadores/Nueva carpeta/Procesador2/Test_Procesador2_isim_beh.wdb 
ISim P.20131013 (signature 0x7708f090)
----------------------------------------------------------------------
INFO:Security:50 - The XILINXD_LICENSE_FILE environment variable is set to 'C:\Users\Cesar\Downloads\windows_flexlm_v11.11'.
INFO:Security:52 - The LM_LICENSE_FILE environment variable is set to 'C:\Users\Cesar\Downloads\windows_flexlm_v11.11'.
INFO:Security:68a - user is Cesar, on host CESAR-PC.
WARNING:Security:43 - No license file was found in the standard Xilinx license directory.
WARNING:Security:44 - Since no license file was found,
       please run the Xilinx License Configuration Manager
       (xlcm or "Manage Xilinx Licenses")
       to assist in obtaining a license.
ERROR:Security:14 - No feature was available for 'ISIM'.

No such feature exists.
Feature:       ISIM
License path:  C:\Users\Cesar\Downloads\windows_flexlm_v11.11\*.lic;C:/.Xilinx;C:\Xilinx\14.7\ISE_DS\ISE\/coregen/core_licenses\Xilinx.lic;C:\Xilinx\14.7\ISE_DS\ISE\/coregen/core_licenses\XilinxFree.lic;C:\Xilinx\14.7\ISE_DS\EDK/data/core_licenses\Xilinx.lic;
FLEXnet Licensing error:-5,357
For further information, refer to the FLEXnet Licensing documentation,
available at "www.flexerasoftware.com".
----------------------------------------------------------------------
WARNING: A full ISim License cannot be checked out due to the issues listed above. Please use Xilinx License Configuration Manager to fix these issues in order to check out a full ISim license.
WARNING: ISim will run in Lite mode. Please refer to the ISim documentation for more information on the differences between the Lite and the Full version.
This is a Lite version of ISim.
Time resolution is 1 ps
# onerror resume
# wave add /
# run 1000 ns
Simulator is doing circuit initialization process.
at 0 ps, Instance /test_procesador2/uut/Inst_Adder/ : Warning: There is an 'U'|'X'|'W'|'Z'|'-' in an arithmetic operand, the result will be 'X'(es).
at 0 ps, Instance /test_procesador2/uut/Inst_InstructionMemory/ : Warning: CONV_INTEGER: There is an 'U'|'X'|'W'|'Z'|'-' in an arithmetic operand, and it has been converted to 0.
at 0 ps, Instance /test_procesador2/uut/Inst_Register_File/ : Warning: CONV_INTEGER: There is an 'U'|'X'|'W'|'Z'|'-' in an arithmetic operand, and it has been converted to 0.
at 0 ps, Instance /test_procesador2/uut/Inst_Register_File/ : Warning: CONV_INTEGER: There is an 'U'|'X'|'W'|'Z'|'-' in an arithmetic operand, and it has been converted to 0.
at 0 ps, Instance /test_procesador2/uut/Inst_Register_File/ : Warning: CONV_INTEGER: There is an 'U'|'X'|'W'|'Z'|'-' in an arithmetic operand, and it has been converted to 0.
Finished circuit initialization process.
ISim P.20131013 (signature 0x7708f090)
----------------------------------------------------------------------
INFO:Security:50 - The XILINXD_LICENSE_FILE environment variable is set to 'C:\Users\Cesar\Downloads\windows_flexlm_v11.11'.
INFO:Security:52 - The LM_LICENSE_FILE environment variable is set to 'C:\Users\Cesar\Downloads\windows_flexlm_v11.11'.
INFO:Security:68a - user is Cesar, on host CESAR-PC.
WARNING:Security:43 - No license file was found in the standard Xilinx license directory.
WARNING:Security:44 - Since no license file was found,
       please run the Xilinx License Configuration Manager
       (xlcm or "Manage Xilinx Licenses")
       to assist in obtaining a license.
ERROR:Security:14 - No feature was available for 'ISIM'.

No such feature exists.
Feature:       ISIM
License path:  C:\Users\Cesar\Downloads\windows_flexlm_v11.11\*.lic;C:/.Xilinx;C:\Xilinx\14.7\ISE_DS\ISE\/coregen/core_licenses\Xilinx.lic;C:\Xilinx\14.7\ISE_DS\ISE\/coregen/core_licenses\XilinxFree.lic;C:\Xilinx\14.7\ISE_DS\EDK/data/core_licenses\Xilinx.lic;
FLEXnet Licensing error:-5,357
For further information, refer to the FLEXnet Licensing documentation,
available at "www.flexerasoftware.com".
----------------------------------------------------------------------
WARNING: A full ISim License cannot be checked out due to the issues listed above. Please use Xilinx License Configuration Manager to fix these issues in order to check out a full ISim license.
WARNING: ISim will run in Lite mode. Please refer to the ISim documentation for more information on the differences between the Lite and the Full version.
This is a Lite version of ISim.
# run 1000 ns
Simulator is doing circuit initialization process.
at 0 ps, Instance /test_procesador2/uut/Inst_Adder/ : Warning: There is an 'U'|'X'|'W'|'Z'|'-' in an arithmetic operand, the result will be 'X'(es).
at 0 ps, Instance /test_procesador2/uut/Inst_InstructionMemory/ : Warning: CONV_INTEGER: There is an 'U'|'X'|'W'|'Z'|'-' in an arithmetic operand, and it has been converted to 0.
at 0 ps, Instance /test_procesador2/uut/Inst_Register_File/ : Warning: CONV_INTEGER: There is an 'U'|'X'|'W'|'Z'|'-' in an arithmetic operand, and it has been converted to 0.
at 0 ps, Instance /test_procesador2/uut/Inst_Register_File/ : Warning: CONV_INTEGER: There is an 'U'|'X'|'W'|'Z'|'-' in an arithmetic operand, and it has been converted to 0.
at 0 ps, Instance /test_procesador2/uut/Inst_Register_File/ : Warning: CONV_INTEGER: There is an 'U'|'X'|'W'|'Z'|'-' in an arithmetic operand, and it has been converted to 0.
Finished circuit initialization process.
