Release 14.7 - xst P.20131013 (nt64)
Copyright (c) 1995-2013 Xilinx, Inc.  All rights reserved.
--> Parameter TMPDIR set to xst/projnav.tmp


Total REAL time to Xst completion: 0.00 secs
Total CPU time to Xst completion: 0.41 secs
 
--> Parameter xsthdpdir set to xst


Total REAL time to Xst completion: 0.00 secs
Total CPU time to Xst completion: 0.42 secs
 
--> Reading design: Unidad_Control.prj

TABLE OF CONTENTS
  1) Synthesis Options Summary
  2) HDL Compilation
  3) Design Hierarchy Analysis
  4) HDL Analysis
  5) HDL Synthesis
     5.1) HDL Synthesis Report
  6) Advanced HDL Synthesis
     6.1) Advanced HDL Synthesis Report
  7) Low Level Synthesis
  8) Partition Report
  9) Final Report
	9.1) Device utilization summary
	9.2) Partition Resource Summary
	9.3) TIMING REPORT


=========================================================================
*                      Synthesis Options Summary                        *
=========================================================================
---- Source Parameters
Input File Name                    : "Unidad_Control.prj"
Input Format                       : mixed
Ignore Synthesis Constraint File   : NO

---- Target Parameters
Output File Name                   : "Unidad_Control"
Output Format                      : NGC
Target Device                      : xc3s500e-5-fg320

---- Source Options
Top Module Name                    : Unidad_Control
Automatic FSM Extraction           : YES
FSM Encoding Algorithm             : Auto
Safe Implementation                : No
FSM Style                          : LUT
RAM Extraction                     : Yes
RAM Style                          : Auto
ROM Extraction                     : Yes
Mux Style                          : Auto
Decoder Extraction                 : YES
Priority Encoder Extraction        : Yes
Shift Register Extraction          : YES
Logical Shifter Extraction         : YES
XOR Collapsing                     : YES
ROM Style                          : Auto
Mux Extraction                     : Yes
Resource Sharing                   : YES
Asynchronous To Synchronous        : NO
Multiplier Style                   : Auto
Automatic Register Balancing       : No

---- Target Options
Add IO Buffers                     : YES
Global Maximum Fanout              : 100000
Add Generic Clock Buffer(BUFG)     : 24
Register Duplication               : YES
Slice Packing                      : YES
Optimize Instantiated Primitives   : NO
Use Clock Enable                   : Yes
Use Synchronous Set                : Yes
Use Synchronous Reset              : Yes
Pack IO Registers into IOBs        : Auto
Equivalent register Removal        : YES

---- General Options
Optimization Goal                  : Speed
Optimization Effort                : 1
Keep Hierarchy                     : No
Netlist Hierarchy                  : As_Optimized
RTL Output                         : Yes
Global Optimization                : AllClockNets
Read Cores                         : YES
Write Timing Constraints           : NO
Cross Clock Analysis               : NO
Hierarchy Separator                : /
Bus Delimiter                      : <>
Case Specifier                     : Maintain
Slice Utilization Ratio            : 100
BRAM Utilization Ratio             : 100
Verilog 2001                       : YES
Auto BRAM Packing                  : NO
Slice Utilization Ratio Delta      : 5

=========================================================================


=========================================================================
*                          HDL Compilation                              *
=========================================================================
Compiling vhdl file "C:/Users/Cesar/Documents/GitHub/Arquitectura-de-computadores/Nueva carpeta/Procesador3/Unidad_Control.vhd" in Library work.
Architecture behavioral of Entity unidad_control is up to date.

=========================================================================
*                     Design Hierarchy Analysis                         *
=========================================================================
Analyzing hierarchy for entity <Unidad_Control> in library <work> (architecture <behavioral>).


=========================================================================
*                            HDL Analysis                               *
=========================================================================
Analyzing Entity <Unidad_Control> in library <work> (Architecture <behavioral>).
Entity <Unidad_Control> analyzed. Unit <Unidad_Control> generated.


=========================================================================
*                           HDL Synthesis                               *
=========================================================================

Performing bidirectional port resolution...

Synthesizing Unit <Unidad_Control>.
    Related source file is "C:/Users/Cesar/Documents/GitHub/Arquitectura-de-computadores/Nueva carpeta/Procesador3/Unidad_Control.vhd".
WARNING:Xst:737 - Found 6-bit latch for signal <Aluop>. Latches may be generated from incomplete case or if statements. We do not recommend the use of latches in FPGA/CPLD designs, as they may lead to timing problems.
Unit <Unidad_Control> synthesized.


=========================================================================
HDL Synthesis Report

Macro Statistics
# Latches                                              : 1
 6-bit latch                                           : 1

=========================================================================

=========================================================================
*                       Advanced HDL Synthesis                          *
=========================================================================


=========================================================================
Advanced HDL Synthesis Report

Macro Statistics
# Latches                                              : 1
 6-bit latch                                           : 1

=========================================================================

=========================================================================
*                         Low Level Synthesis                           *
=========================================================================

Optimizing unit <Unidad_Control> ...

Mapping all equations...
Building and optimizing final netlist ...
Found area constraint ratio of 100 (+ 5) on block Unidad_Control, actual ratio is 0.

Final Macro Processing ...

=========================================================================
Final Register Report

Found no macro
=========================================================================

=========================================================================
*                           Partition Report                            *
=========================================================================

Partition Implementation Status
-------------------------------

  No Partitions were found in this design.

-------------------------------

=========================================================================
*                            Final Report                               *
=========================================================================
Final Results
RTL Top Level Output File Name     : Unidad_Control.ngr
Top Level Output File Name         : Unidad_Control
Output Format                      : NGC
Optimization Goal                  : Speed
Keep Hierarchy                     : No

Design Statistics
# IOs                              : 14

Cell Usage :
# BELS                             : 27
#      LUT2                        : 2
#      LUT3                        : 3
#      LUT4                        : 20
#      MUXF5                       : 1
#      MUXF6                       : 1
# FlipFlops/Latches                : 6
#      LD                          : 6
# IO Buffers                       : 14
#      IBUF                        : 8
#      OBUF                        : 6
=========================================================================

Device utilization summary:
---------------------------

Selected Device : 3s500efg320-5 

 Number of Slices:                       14  out of   4656     0%  
 Number of 4 input LUTs:                 25  out of   9312     0%  
 Number of IOs:                          14
 Number of bonded IOBs:                  14  out of    232     6%  
    IOB Flip Flops:                       6

---------------------------
Partition Resource Summary:
---------------------------

  No Partitions were found in this design.

---------------------------


=========================================================================
TIMING REPORT

NOTE: THESE TIMING NUMBERS ARE ONLY A SYNTHESIS ESTIMATE.
      FOR ACCURATE TIMING INFORMATION PLEASE REFER TO THE TRACE REPORT
      GENERATED AFTER PLACE-and-ROUTE.

Clock Information:
------------------
-------------------------------------+------------------------+-------+
Clock Signal                         | Clock buffer(FF name)  | Load  |
-------------------------------------+------------------------+-------+
Aluop_cmp_eq0000(Aluop_cmp_eq00001:O)| NONE(*)(Aluop_0)       | 6     |
-------------------------------------+------------------------+-------+
(*) This 1 clock signal(s) are generated by combinatorial logic,
and XST is not able to identify which are the primary clock signals.
Please use the CLOCK_SIGNAL constraint to specify the clock signal(s) generated by combinatorial logic.
INFO:Xst:2169 - HDL ADVISOR - Some clock signals were not automatically buffered by XST with BUFG/BUFR resources. Please use the buffer_type constraint in order to insert these buffers to the clock signals to help prevent skew problems.

Asynchronous Control Signals Information:
----------------------------------------
No asynchronous control signals found in this design

Timing Summary:
---------------
Speed Grade: -5

   Minimum period: No path found
   Minimum input arrival time before clock: 5.011ns
   Maximum output required time after clock: 4.114ns
   Maximum combinational path delay: No path found

Timing Detail:
--------------
All values displayed in nanoseconds (ns)

=========================================================================
Timing constraint: Default OFFSET IN BEFORE for Clock 'Aluop_cmp_eq0000'
  Total number of paths / destination ports: 77 / 6
-------------------------------------------------------------------------
Offset:              5.011ns (Levels of Logic = 4)
  Source:            Op3<1> (PAD)
  Destination:       Aluop_2 (LATCH)
  Destination Clock: Aluop_cmp_eq0000 falling

  Data Path: Op3<1> to Aluop_2
                                Gate     Net
    Cell:in->out      fanout   Delay   Delay  Logical Name (Net Name)
    ----------------------------------------  ------------
     IBUF:I->O            13   1.106   0.988  Op3_1_IBUF (Op3_1_IBUF)
     LUT4:I0->O            1   0.612   0.387  Aluop_mux0001<3>85_SW0 (N26)
     LUT4:I2->O            1   0.612   0.426  Aluop_mux0001<3>85 (Aluop_mux0001<3>85)
     LUT4:I1->O            1   0.612   0.000  Aluop_mux0001<3>96 (Aluop_mux0001<3>)
     LD:D                      0.268          Aluop_2
    ----------------------------------------
    Total                      5.011ns (3.210ns logic, 1.801ns route)
                                       (64.1% logic, 35.9% route)

=========================================================================
Timing constraint: Default OFFSET OUT AFTER for Clock 'Aluop_cmp_eq0000'
  Total number of paths / destination ports: 6 / 6
-------------------------------------------------------------------------
Offset:              4.114ns (Levels of Logic = 1)
  Source:            Aluop_5 (LATCH)
  Destination:       Aluop<5> (PAD)
  Source Clock:      Aluop_cmp_eq0000 falling

  Data Path: Aluop_5 to Aluop<5>
                                Gate     Net
    Cell:in->out      fanout   Delay   Delay  Logical Name (Net Name)
    ----------------------------------------  ------------
     LD:G->Q               1   0.588   0.357  Aluop_5 (Aluop_5)
     OBUF:I->O                 3.169          Aluop_5_OBUF (Aluop<5>)
    ----------------------------------------
    Total                      4.114ns (3.757ns logic, 0.357ns route)
                                       (91.3% logic, 8.7% route)

=========================================================================


Total REAL time to Xst completion: 39.00 secs
Total CPU time to Xst completion: 39.40 secs
 
--> 

Total memory usage is 287152 kilobytes

Number of errors   :    0 (   0 filtered)
Number of warnings :    1 (   0 filtered)
Number of infos    :    1 (   0 filtered)

