Command line:
   Unidad_Control_isim_beh.exe
     -simmode  gui
     -simrunnum  0
     -socket  49287

Tue Oct 18 09:21:41 2016


 Elaboration Time: 0.109201 sec

 Current Memory Usage: 666.73 Meg

 Total Signals          : 3
 Total Nets             : 14
 Total Signal Drivers   : 1
 Total Blocks           : 2
 Total Primitive Blocks : 2
 Total Processes        : 1
 Total Traceable Variables  : 8
 Total Scalar Nets and Variables : 374
Total Line Count : 11

 Total Simulation Time: 0.124801 sec

 Current Memory Usage: 666.73 Meg

Tue Oct 18 09:21:57 2016

